<?xml version="1.0" encoding="UTF-8"?>
<!-- Generated by org.testng.reporters.JUnitXMLReporter -->
<testsuite ignored="3" hostname="DESKTOP-L1F3TE2" failures="0" tests="1" name="Default test" time="6.203" errors="0" timestamp="2024-08-27T19:45:35 IST">
  <testcase classname="com.Tutorials.TestCases.RegisterTest" name="RegisterInvalidCredentials" time="0.013"/>
  <testcase classname="com.Tutorials.TestCases.RegisterTest" name="RegisterValidCredentials" time="0.0">
    <ignored/>
  </testcase> <!-- RegisterValidCredentials -->
  <testcase classname="com.Tutorials.TestCases.RegisterTest" name="RegisterInvalidPassword" time="0.0">
    <ignored/>
  </testcase> <!-- RegisterInvalidPassword -->
  <testcase classname="com.Tutorials.TestCases.RegisterTest" name="RegisterWithExistedCredentials" time="0.0">
    <ignored/>
  </testcase> <!-- RegisterWithExistedCredentials -->
</testsuite> <!-- Default test -->
