<?xml version="1.0" encoding="UTF-8"?>
<!-- Generated by org.testng.reporters.JUnitXMLReporter -->
<testsuite ignored="1" hostname="DESKTOP-L1F3TE2" failures="0" tests="8" name="Default test" time="52.534" errors="0" timestamp="2024-08-20T16:54:35 IST">
  <testcase classname="com.Tutorials.TestCases.SearchTest" name="SearchwithExistingProduct" time="0.898"/>
  <testcase classname="com.Tutorials.TestCases.SearchTest" name="searchwithNonExisitngProduct" time="0.661"/>
  <testcase classname="com.Tutorials.TestCases.SearchTest" name="searchwithNoproduct" time="0.646"/>
  <testcase classname="com.Tutorials.TestCases.RegisterTest" name="RegisterInvalidCredentials" time="0.534"/>
  <testcase classname="com.Tutorials.TestCases.RegisterTest" name="RegisterInvalidPassword" time="1.281"/>
  <testcase classname="com.Tutorials.TestCases.RegisterTest" name="RegisterWithExistedCredentials" time="1.432"/>
  <testcase classname="com.Tutorials.TestCases.LoginTest" name="InValidatecredential" time="0.873"/>
  <testcase classname="com.Tutorials.TestCases.LoginTest" name="Validatecredential" time="1.058"/>
  <testcase classname="com.Tutorials.TestCases.RegisterTest" name="RegisterValidCredentials" time="0.0">
    <ignored/>
  </testcase> <!-- RegisterValidCredentials -->
</testsuite> <!-- Default test -->
