<?xml version="1.0" encoding="UTF-8"?>
<!-- Generated by org.testng.reporters.JUnitXMLReporter -->
<testsuite ignored="1" hostname="DESKTOP-L1F3TE2" failures="0" tests="1" name="Register" time="9.187" errors="0" timestamp="2024-08-28T10:04:16 IST">
  <testcase classname="com.Tutorials.TestCases.LoginTest" name="Validatecredential" time="1.36"/>
  <testcase classname="com.Tutorials.TestCases.LoginTest" name="InValidatecredential" time="0.0">
    <ignored/>
  </testcase> <!-- InValidatecredential -->
</testsuite> <!-- Register -->
