<?xml version="1.0" encoding="UTF-8"?>
<!-- Generated by org.testng.reporters.JUnitXMLReporter -->
<testsuite ignored="0" hostname="DESKTOP-L1F3TE2" failures="0" tests="3" name="Search" time="32.473" errors="0" timestamp="2024-08-26T19:59:17 IST">
  <testcase classname="com.Tutorials.TestCases.SearchTest" name="SearchwithExistingProduct" time="1.341"/>
  <testcase classname="com.Tutorials.TestCases.SearchTest" name="searchwithNonExisitngProduct" time="1.054"/>
  <testcase classname="com.Tutorials.TestCases.SearchTest" name="searchwithNoproduct" time="0.688"/>
</testsuite> <!-- Search -->
