<?xml version="1.0" encoding="UTF-8"?>
<!-- Generated by org.testng.reporters.JUnitXMLReporter -->
<testsuite ignored="1" hostname="DESKTOP-L1F3TE2" failures="0" tests="10" name="Test" time="81.633" errors="0" timestamp="2024-08-26T19:53:53 IST">
  <testcase classname="com.Tutorials.TestCases.RegisterTest" name="RegisterInvalidCredentials" time="0.626"/>
  <testcase classname="com.Tutorials.TestCases.RegisterTest" name="RegisterInvalidPassword" time="1.878"/>
  <testcase classname="com.Tutorials.TestCases.RegisterTest" name="RegisterWithExistedCredentials" time="1.691"/>
  <testcase classname="com.Tutorials.TestCases.LoginTest" name="InValidatecredential" time="1.099"/>
  <testcase classname="com.Tutorials.TestCases.LoginTest" name="Validatecredential" time="1.228"/>
  <testcase classname="com.Tutorials.TestCases.SearchTest" name="SearchwithExistingProduct" time="0.888"/>
  <testcase classname="com.Tutorials.TestCases.SearchTest" name="searchwithNonExisitngProduct" time="0.669"/>
  <testcase classname="com.Tutorials.TestCases.SearchTest" name="searchwithNoproduct" time="0.614"/>
  <testcase classname="com.Tutorials.TestCases.ForgotTest" name="TestwithInvalidCredentails" time="1.324"/>
  <testcase classname="com.Tutorials.TestCases.ForgotTest" name="TestwithvalidCredentials" time="0.85"/>
  <testcase classname="com.Tutorials.TestCases.RegisterTest" name="RegisterValidCredentials" time="0.0">
    <ignored/>
  </testcase> <!-- RegisterValidCredentials -->
</testsuite> <!-- Test -->
