<?xml version="1.0" encoding="UTF-8"?>
<!-- Generated by org.testng.reporters.JUnitXMLReporter -->
<testsuite ignored="1" hostname="DESKTOP-L1F3TE2" failures="0" tests="8" name="Test" time="60.189" errors="0" timestamp="2024-08-20T10:44:04 IST">
  <testcase classname="com.Tutorials.TestCases.Register" name="RegisterInvalidCredentials" time="0.622"/>
  <testcase classname="com.Tutorials.TestCases.Register" name="RegisterInvalidPassword" time="1.775"/>
  <testcase classname="com.Tutorials.TestCases.Register" name="RegisterWithExistedCredentials" time="1.429"/>
  <testcase classname="com.Tutorials.TestCases.Login" name="InValidatecredential" time="0.971"/>
  <testcase classname="com.Tutorials.TestCases.Login" name="Validatecredential" time="1.247"/>
  <testcase classname="com.Tutorials.TestCases.Search" name="SearchwithExistingProduct" time="0.843"/>
  <testcase classname="com.Tutorials.TestCases.Search" name="searchwithNonExisitngProduct" time="0.727"/>
  <testcase classname="com.Tutorials.TestCases.Search" name="searchwithNoproduct" time="0.569"/>
  <testcase classname="com.Tutorials.TestCases.Register" name="RegisterValidCredentials" time="0.0">
    <ignored/>
  </testcase> <!-- RegisterValidCredentials -->
</testsuite> <!-- Test -->
