<?xml version="1.0" encoding="UTF-8"?>
<testng-results ignored="0" total="1" passed="1" failed="0" skipped="0">
  <reporter-output>
  </reporter-output>
  <suite started-at="2024-08-28T10:04:07 IST" name="Suite" finished-at="2024-08-28T10:04:16 IST" duration-ms="9187">
    <groups>
    </groups>
    <test started-at="2024-08-28T10:04:07 IST" name="Register" finished-at="2024-08-28T10:04:16 IST" duration-ms="9187">
      <class name="com.Tutorials.TestCases.LoginTest">
        <test-method is-config="true" signature="LaunchBrowser()[pri:0, instance:com.Tutorials.TestCases.LoginTest@34123d65]" started-at="2024-08-28T10:04:07 IST" name="LaunchBrowser" finished-at="2024-08-28T10:04:14 IST" duration-ms="7325" status="PASS">
          <reporter-output>
          </reporter-output>
        </test-method> <!-- LaunchBrowser -->
        <test-method signature="Validatecredential()[pri:0, instance:com.Tutorials.TestCases.LoginTest@34123d65]" started-at="2024-08-28T10:04:14 IST" name="Validatecredential" finished-at="2024-08-28T10:04:15 IST" duration-ms="1360" status="PASS">
          <reporter-output>
          </reporter-output>
        </test-method> <!-- Validatecredential -->
        <test-method is-config="true" signature="CloseBrowser()[pri:0, instance:com.Tutorials.TestCases.LoginTest@34123d65]" started-at="2024-08-28T10:04:15 IST" name="CloseBrowser" finished-at="2024-08-28T10:04:16 IST" duration-ms="396" status="PASS">
          <reporter-output>
          </reporter-output>
        </test-method> <!-- CloseBrowser -->
      </class> <!-- com.Tutorials.TestCases.LoginTest -->
    </test> <!-- Register -->
  </suite> <!-- Suite -->
</testng-results>
